<?xml version="1.0" encoding="UTF-8"?>
<testsuite xmlns:xsi="http://www.w3.org/2001/XMLSchema-instance" xsi:noNamespaceSchemaLocation="https://maven.apache.org/surefire/maven-surefire-plugin/xsd/surefire-test-report-3.0.xsd" version="3.0" name="org.example.testRunner.ScenariosRunner" time="216.719" tests="19" errors="0" skipped="0" failures="4">
  <properties>
[...]
</properties>
  <testcase name="runScenario" classname="org.example.testRunner.ScenariosRunner" time="13.013"/>
  <testcase name="runScenario" classname="org.example.testRunner.ScenariosRunner" time="13.409"/>
  <testcase name="runScenario" classname="org.example.testRunner.ScenariosRunner" time="13.233"/>
  <testcase name="runScenario" classname="org.example.testRunner.ScenariosRunner" time="11.796">
    <failure message="Index: 1, Size: 1" type="java.lang.IndexOutOfBoundsException"><![CDATA[java.lang.IndexOutOfBoundsException: Index: 1, Size: 1
]]></failure>
    <system-err><![CDATA[Starting ChromeDriver 108.0.5359.71 (1e0e3868ee06e91ad636a874420e3ca3ae3756ac-refs/branch-heads/5359@{#1016}) on port 48190
Only local connections are allowed.
Please see https://chromedriver.chromium.org/security-considerations for suggestions on keeping ChromeDriver safe.
ChromeDriver was started successfully.
]]></system-err>
  </testcase>
  <testcase name="runScenario" classname="org.example.testRunner.ScenariosRunner" time="18.884"/>
  <testcase name="runScenario" classname="org.example.testRunner.ScenariosRunner" time="10.566"/>
  <testcase name="runScenario" classname="org.example.testRunner.ScenariosRunner" time="10.336"/>
  <testcase name="runScenario" classname="org.example.testRunner.ScenariosRunner" time="9.466"/>
  <testcase name="runScenario" classname="org.example.testRunner.ScenariosRunner" time="21.568">
    <failure message="no such element: Unable to locate element: {&quot;method&quot;:&quot;css selector&quot;,&quot;selector&quot;:&quot;.result&quot;}&#10;  (Session info: chrome=108.0.5359.125)&#10;For documentation on this error, please visit: https://selenium.dev/exceptions/#no_such_element&#10;Build info: version: &apos;4.7.1&apos;, revision: &apos;c6795baf1a3&apos;&#10;System info: os.name: &apos;Windows 10&apos;, os.arch: &apos;amd64&apos;, os.version: &apos;10.0&apos;, java.version: &apos;1.8.0_351&apos;&#10;Driver info: org.openqa.selenium.chrome.ChromeDriver&#10;Command: [fc5d6835c4d026c44d3f9af304419849, findElement {using=class name, value=result}]&#10;Capabilities {acceptInsecureCerts: false, browserName: chrome, browserVersion: 108.0.5359.125, chrome: {chromedriverVersion: 108.0.5359.71 (1e0e3868ee06..., userDataDir: C:\Users\Select\AppData\Loc...}, goog:chromeOptions: {debuggerAddress: localhost:57449}, networkConnectionEnabled: false, pageLoadStrategy: normal, platformName: WINDOWS, proxy: Proxy(), se:cdp: ws://localhost:57449/devtoo..., se:cdpVersion: 108.0.5359.125, setWindowRect: true, strictFileInteractability: false, timeouts: {implicit: 0, pageLoad: 300000, script: 30000}, unhandledPromptBehavior: dismiss and notify, webauthn:extension:credBlob: true, webauthn:extension:largeBlob: true, webauthn:virtualAuthenticators: true}&#10;Session ID: fc5d6835c4d026c44d3f9af304419849" type="org.openqa.selenium.NoSuchElementException"><![CDATA[org.openqa.selenium.NoSuchElementException: 
no such element: Unable to locate element: {"method":"css selector","selector":".result"}
  (Session info: chrome=108.0.5359.125)
For documentation on this error, please visit: https://selenium.dev/exceptions/#no_such_element
Build info: version: '4.7.1', revision: 'c6795baf1a3'
System info: os.name: 'Windows 10', os.arch: 'amd64', os.version: '10.0', java.version: '1.8.0_351'
Driver info: org.openqa.selenium.chrome.ChromeDriver
Command: [fc5d6835c4d026c44d3f9af304419849, findElement {using=class name, value=result}]
Capabilities {acceptInsecureCerts: false, browserName: chrome, browserVersion: 108.0.5359.125, chrome: {chromedriverVersion: 108.0.5359.71 (1e0e3868ee06..., userDataDir: C:\Users\Select\AppData\Loc...}, goog:chromeOptions: {debuggerAddress: localhost:57449}, networkConnectionEnabled: false, pageLoadStrategy: normal, platformName: WINDOWS, proxy: Proxy(), se:cdp: ws://localhost:57449/devtoo..., se:cdpVersion: 108.0.5359.125, setWindowRect: true, strictFileInteractability: false, timeouts: {implicit: 0, pageLoad: 300000, script: 30000}, unhandledPromptBehavior: dismiss and notify, webauthn:extension:credBlob: true, webauthn:extension:largeBlob: true, webauthn:virtualAuthenticators: true}
Session ID: fc5d6835c4d026c44d3f9af304419849
]]></failure>
    <system-out><![CDATA[
@smoke
Scenario: user could select euro currency       &amp#27;[90m# src/main/resources/Features/Currency.feature:5&amp#27;[0m
  &amp#27;[32mGiven &amp#27;[0m&amp#27;[32muser select Euro currency&amp#27;[0m               &amp#27;[90m# org.example.stepDefinitions.CurrencyStepDefinition.euro_option()&amp#27;[0m
  &amp#27;[32mThen &amp#27;[0m&amp#27;[32mEuro symbol is displayed on all products&amp#27;[0m &amp#27;[90m# org.example.stepDefinitions.CurrencyStepDefinition.euro_Symbol_Is_Displayed()&amp#27;[0m

@smoke
Scenario: user opens facebook link                                          &amp#27;[90m# src/main/resources/Features/FollowUs.feature:5&amp#27;[0m
  &amp#27;[32mGiven &amp#27;[0m&amp#27;[32muser opens facebook link&amp#27;[0m                                            &amp#27;[90m# org.example.stepDefinitions.FollowUsStepDefinition.user_Opens_Facebook_Link()&amp#27;[0m
  &amp#27;[32mThen &amp#27;[0m&amp#27;[32m&amp#27;[0m&amp#27;[32m&amp#27;[1m"https://www.facebook.com/nopCommerce"&amp#27;[0m&amp#27;[32m facebook is opened in new tab&amp#27;[0m &amp#27;[90m# org.example.stepDefinitions.FollowUsStepDefinition.facebook_Is_Opened_In_New_Tab(java.lang.String)&amp#27;[0m

@smoke
Scenario: user opens twitter link                                     &amp#27;[90m# src/main/resources/Features/FollowUs.feature:9&amp#27;[0m
  &amp#27;[32mGiven &amp#27;[0m&amp#27;[32muser opens twitter link&amp#27;[0m                                       &amp#27;[90m# org.example.stepDefinitions.FollowUsStepDefinition.user_Opens_Twitter_Link()&amp#27;[0m
  &amp#27;[32mThen &amp#27;[0m&amp#27;[32m&amp#27;[0m&amp#27;[32m&amp#27;[1m"https://twitter.com/nopCommerce"&amp#27;[0m&amp#27;[32m twitter is opened in new tab&amp#27;[0m &amp#27;[90m# org.example.stepDefinitions.FollowUsStepDefinition.twitter_Is_Opened_In_New_Tab(java.lang.String)&amp#27;[0m

@smoke
Scenario: user opens rss link                                                           &amp#27;[90m# src/main/resources/Features/FollowUs.feature:13&amp#27;[0m
  &amp#27;[32mGiven &amp#27;[0m&amp#27;[32muser opens rss link&amp#27;[0m                                                             &amp#27;[90m# org.example.stepDefinitions.FollowUsStepDefinition.user_Opens_Rss_Link()&amp#27;[0m
  &amp#27;[31mThen &amp#27;[0m&amp#27;[31m&amp#27;[0m&amp#27;[31m&amp#27;[1m"https://demo.nopcommerce.com/new-online-store-is-open"&amp#27;[0m&amp#27;[31m rss is opened in new tab&amp#27;[0m &amp#27;[90m# org.example.stepDefinitions.FollowUsStepDefinition.rss_Is_Opened_In_New_Tab(java.lang.String)&amp#27;[0m
      &amp#27;[31mjava.lang.IndexOutOfBoundsException: Index: 1, Size: 1
	at java.util.ArrayList.rangeCheck(ArrayList.java:659)
	at java.util.ArrayList.get(ArrayList.java:435)
	at org.example.pages.FollowUsPage.newTab(FollowUsPage.java:43)
	at org.example.stepDefinitions.FollowUsStepDefinition.rss_Is_Opened_In_New_Tab(FollowUsStepDefinition.java:61)
	at âœ½."https://demo.nopcommerce.com/new-online-store-is-open" rss is opened in new tab(file:///E:/Udacity/Syllabus/Software%20testing%20(professional)/(7)%20Web%20Front-End%20%20UI%20Testing/practice/E-CommerceFinalProject/src/main/resources/Features/FollowUs.feature:15)
&amp#27;[0m

@smoke
Scenario: user opens youtube link                                              &amp#27;[90m# src/main/resources/Features/FollowUs.feature:17&amp#27;[0m
  &amp#27;[32mGiven &amp#27;[0m&amp#27;[32muser opens youtube link&amp#27;[0m                                                &amp#27;[90m# org.example.stepDefinitions.FollowUsStepDefinition.user_Opens_Youtube_Link()&amp#27;[0m
  &amp#27;[32mThen &amp#27;[0m&amp#27;[32m&amp#27;[0m&amp#27;[32m&amp#27;[1m"https://www.youtube.com/user/nopCommerce"&amp#27;[0m&amp#27;[32m youtube is opened in new tab&amp#27;[0m &amp#27;[90m# org.example.stepDefinitions.FollowUsStepDefinition.youtubeIsOpenedInNewTab(java.lang.String)&amp#27;[0m

@smoke
Scenario: user hover on one of main categories then click on sub category &amp#27;[90m# src/main/resources/Features/Hover.feature:5&amp#27;[0m
  &amp#27;[32mGiven &amp#27;[0m&amp#27;[32muser hover on a random category&amp#27;[0m                                   &amp#27;[90m# org.example.stepDefinitions.HoverStepDefinition.user_Hover_On_A_Random_Category()&amp#27;[0m
  &amp#27;[32mAnd &amp#27;[0m&amp#27;[32muser select a subcategory&amp#27;[0m                                           &amp#27;[90m# org.example.stepDefinitions.HoverStepDefinition.user_Select_A_Subcategory()&amp#27;[0m
  &amp#27;[32mThen &amp#27;[0m&amp#27;[32ma page relative to the chosen subcategory appears&amp#27;[0m                  &amp#27;[90m# org.example.stepDefinitions.HoverStepDefinition.a_Page_Relative_To_The_Chosen_Subcategory_Appears()&amp#27;[0m

@smoke
Scenario: user could login with valid email and password        &amp#27;[90m# src/main/resources/Features/Login.feature:5&amp#27;[0m
  &amp#27;[32mGiven &amp#27;[0m&amp#27;[32muser go to login page&amp#27;[0m                                   &amp#27;[90m# org.example.stepDefinitions.LoginStepDefinition.user_go_to_login_page()&amp#27;[0m
  &amp#27;[32mWhen &amp#27;[0m&amp#27;[32muser login with valid &amp#27;[0m&amp#27;[32m&amp#27;[1m"test3@example.com"&amp#27;[0m&amp#27;[32m and &amp#27;[0m&amp#27;[32m&amp#27;[1m"P@ssw0rd"&amp#27;[0m &amp#27;[90m# org.example.stepDefinitions.LoginStepDefinition.user_Login_With_Valid(java.lang.String,java.lang.String)&amp#27;[0m
  &amp#27;[32mAnd &amp#27;[0m&amp#27;[32muser press on login button&amp#27;[0m                                &amp#27;[90m# org.example.stepDefinitions.LoginStepDefinition.user_Press_On_LoginButton()&amp#27;[0m
  &amp#27;[32mThen &amp#27;[0m&amp#27;[32muser login to the system successfully&amp#27;[0m                    &amp#27;[90m# org.example.stepDefinitions.LoginStepDefinition.user_Login_To_The_System_Successfully()&amp#27;[0m

@smoke
Scenario: user could login with invalid email and password        &amp#27;[90m# src/main/resources/Features/Login.feature:11&amp#27;[0m
  &amp#27;[32mGiven &amp#27;[0m&amp#27;[32muser go to login page&amp#27;[0m                                     &amp#27;[90m# org.example.stepDefinitions.LoginStepDefinition.user_go_to_login_page()&amp#27;[0m
  &amp#27;[32mWhen &amp#27;[0m&amp#27;[32muser login with invalid &amp#27;[0m&amp#27;[32m&amp#27;[1m"wrong@example.com"&amp#27;[0m&amp#27;[32m and &amp#27;[0m&amp#27;[32m&amp#27;[1m"P@ssw0rd"&amp#27;[0m &amp#27;[90m# org.example.stepDefinitions.LoginStepDefinition.user_Login_With_Invalid(java.lang.String,java.lang.String)&amp#27;[0m
  &amp#27;[32mAnd &amp#27;[0m&amp#27;[32muser press on login button&amp#27;[0m                                  &amp#27;[90m# org.example.stepDefinitions.LoginStepDefinition.user_Press_On_LoginButton()&amp#27;[0m
  &amp#27;[32mThen &amp#27;[0m&amp#27;[32muser could not login to the system&amp#27;[0m                         &amp#27;[90m# org.example.stepDefinitions.LoginStepDefinition.user_Could_Not_Login_To_The_System()&amp#27;[0m

@smoke
Scenario: guest user could register with valid data successfully &amp#27;[90m# src/main/resources/Features/Registration.feature:5&amp#27;[0m
  &amp#27;[32mGiven &amp#27;[0m&amp#27;[32muser go to register page&amp#27;[0m                                 &amp#27;[90m# org.example.stepDefinitions.RegistrationStepDefinition.go_to_register_page()&amp#27;[0m
  &amp#27;[32mAnd &amp#27;[0m&amp#27;[32muser select gender type&amp#27;[0m                                    &amp#27;[90m# org.example.stepDefinitions.RegistrationStepDefinition.user_Select_Gender_Type()&amp#27;[0m
  &amp#27;[32mWhen &amp#27;[0m&amp#27;[32muser enter first name &amp#27;[0m&amp#27;[32m&amp#27;[1m"automation"&amp#27;[0m&amp#27;[32m and last name &amp#27;[0m&amp#27;[32m&amp#27;[1m"tester"&amp#27;[0m &amp#27;[90m# org.example.stepDefinitions.RegistrationStepDefinition.user_Enter_FirstName_And_LastName(java.lang.String,java.lang.String)&amp#27;[0m
  &amp#27;[32mAnd &amp#27;[0m&amp#27;[32muser enter date of birth&amp#27;[0m                                   &amp#27;[90m# org.example.stepDefinitions.RegistrationStepDefinition.user_Enter_DateOfBirth()&amp#27;[0m
  &amp#27;[32mAnd &amp#27;[0m&amp#27;[32muser enter email &amp#27;[0m&amp#27;[32m&amp#27;[1m"test3@example.com"&amp#27;[0m&amp#27;[32m field&amp#27;[0m                 &amp#27;[90m# org.example.stepDefinitions.RegistrationStepDefinition.user_Enter_Email_Field(java.lang.String)&amp#27;[0m
  &amp#27;[32mAnd &amp#27;[0m&amp#27;[32muser fills Password fields &amp#27;[0m&amp#27;[32m&amp#27;[1m"P@ssw0rd"&amp#27;[0m&amp#27;[32m &amp#27;[0m&amp#27;[32m&amp#27;[1m"P@ssw0rd"&amp#27;[0m           &amp#27;[90m# org.example.stepDefinitions.RegistrationStepDefinition.user_Fills_Password_Fields(java.lang.String,java.lang.String)&amp#27;[0m
  &amp#27;[32mAnd &amp#27;[0m&amp#27;[32muser clicks on register button&amp#27;[0m                             &amp#27;[90m# org.example.stepDefinitions.RegistrationStepDefinition.user_Clicks_On_RegisterButton()&amp#27;[0m
  &amp#27;[31mThen &amp#27;[0m&amp#27;[31msuccess message is displayed&amp#27;[0m                              &amp#27;[90m# org.example.stepDefinitions.RegistrationStepDefinition.success_Message_Is_Displayed()&amp#27;[0m
      &amp#27;[31morg.openqa.selenium.NoSuchElementException: no such element: Unable to locate element: {"method":"css selector","selector":".result"}
  (Session info: chrome=108.0.5359.125)
For documentation on this error, please visit: https://selenium.dev/exceptions/#no_such_element
Build info: version: '4.7.1', revision: 'c6795baf1a3'
System info: os.name: 'Windows 10', os.arch: 'amd64', os.version: '10.0', java.version: '1.8.0_351'
Driver info: org.openqa.selenium.chrome.ChromeDriver
Command: [fc5d6835c4d026c44d3f9af304419849, findElement {using=class name, value=result}]
Capabilities {acceptInsecureCerts: false, browserName: chrome, browserVersion: 108.0.5359.125, chrome: {chromedriverVersion: 108.0.5359.71 (1e0e3868ee06..., userDataDir]]></system-out>
    <system-err><![CDATA[Starting ChromeDriver 108.0.5359.71 (1e0e3868ee06e91ad636a874420e3ca3ae3756ac-refs/branch-heads/5359@{#1016}) on port 5206
Only local connections are allowed.
Please see https://chromedriver.chromium.org/security-considerations for suggestions on keeping ChromeDriver safe.
ChromeDriver was started successfully.
]]></system-err>
  </testcase>
  <testcase name="runScenario" classname="org.example.testRunner.ScenariosRunner" time="9.405"/>
  <testcase name="runScenario" classname="org.example.testRunner.ScenariosRunner" time="8.978"/>
  <testcase name="runScenario" classname="org.example.testRunner.ScenariosRunner" time="8.739"/>
  <testcase name="runScenario" classname="org.example.testRunner.ScenariosRunner" time="9.816"/>
  <testcase name="runScenario" classname="org.example.testRunner.ScenariosRunner" time="10.079"/>
  <testcase name="runScenario" classname="org.example.testRunner.ScenariosRunner" time="10.123"/>
  <testcase name="runScenario" classname="org.example.testRunner.ScenariosRunner" time="8.696">
    <failure message="Error Message : wrong 1st slider url expected [true] but found [false]" type="java.lang.AssertionError"><![CDATA[java.lang.AssertionError: Error Message : wrong 1st slider url expected [true] but found [false]
]]></failure>
    <system-err><![CDATA[Starting ChromeDriver 108.0.5359.71 (1e0e3868ee06e91ad636a874420e3ca3ae3756ac-refs/branch-heads/5359@{#1016}) on port 12364
Only local connections are allowed.
Please see https://chromedriver.chromium.org/security-considerations for suggestions on keeping ChromeDriver safe.
ChromeDriver was started successfully.
]]></system-err>
  </testcase>
  <testcase name="runScenario" classname="org.example.testRunner.ScenariosRunner" time="8.971">
    <failure message="element click intercepted: Element &lt;a href=&quot;http://demo.nopcommerce.com/&quot; aria-label=&quot;&quot; class=&quot;nivo-imageLink&quot; style=&quot;display: block;&quot;&gt;...&lt;/a&gt; is not clickable at point (759, 468). Other element would receive the click: &lt;a href=&quot;http://demo.nopcommerce.com/&quot; aria-label=&quot;&quot; class=&quot;nivo-imageLink&quot; style=&quot;display: block;&quot;&gt;...&lt;/a&gt;&#10;  (Session info: chrome=108.0.5359.125)&#10;Build info: version: &apos;4.7.1&apos;, revision: &apos;c6795baf1a3&apos;&#10;System info: os.name: &apos;Windows 10&apos;, os.arch: &apos;amd64&apos;, os.version: &apos;10.0&apos;, java.version: &apos;1.8.0_351&apos;&#10;Driver info: org.openqa.selenium.chrome.ChromeDriver&#10;Command: [da5a9f9df596d115d8b2ea794481bb12, clickElement {id=afaaa975-43c5-4a20-b151-cb09bc23a06e}]&#10;Capabilities {acceptInsecureCerts: false, browserName: chrome, browserVersion: 108.0.5359.125, chrome: {chromedriverVersion: 108.0.5359.71 (1e0e3868ee06..., userDataDir: C:\Users\Select\AppData\Loc...}, goog:chromeOptions: {debuggerAddress: localhost:57591}, networkConnectionEnabled: false, pageLoadStrategy: normal, platformName: WINDOWS, proxy: Proxy(), se:cdp: ws://localhost:57591/devtoo..., se:cdpVersion: 108.0.5359.125, setWindowRect: true, strictFileInteractability: false, timeouts: {implicit: 0, pageLoad: 300000, script: 30000}, unhandledPromptBehavior: dismiss and notify, webauthn:extension:credBlob: true, webauthn:extension:largeBlob: true, webauthn:virtualAuthenticators: true}&#10;Element: [[ChromeDriver: chrome on WINDOWS (da5a9f9df596d115d8b2ea794481bb12)] -&gt; xpath: //div[@id=&apos;nivo-slider&apos;]/a[1]]&#10;Session ID: da5a9f9df596d115d8b2ea794481bb12" type="org.openqa.selenium.ElementClickInterceptedException"><![CDATA[org.openqa.selenium.ElementClickInterceptedException: 
element click intercepted: Element <a href="http://demo.nopcommerce.com/" aria-label="" class="nivo-imageLink" style="display: block;">...</a> is not clickable at point (759, 468). Other element would receive the click: <a href="http://demo.nopcommerce.com/" aria-label="" class="nivo-imageLink" style="display: block;">...</a>
  (Session info: chrome=108.0.5359.125)
Build info: version: '4.7.1', revision: 'c6795baf1a3'
System info: os.name: 'Windows 10', os.arch: 'amd64', os.version: '10.0', java.version: '1.8.0_351'
Driver info: org.openqa.selenium.chrome.ChromeDriver
Command: [da5a9f9df596d115d8b2ea794481bb12, clickElement {id=afaaa975-43c5-4a20-b151-cb09bc23a06e}]
Capabilities {acceptInsecureCerts: false, browserName: chrome, browserVersion: 108.0.5359.125, chrome: {chromedriverVersion: 108.0.5359.71 (1e0e3868ee06..., userDataDir: C:\Users\Select\AppData\Loc...}, goog:chromeOptions: {debuggerAddress: localhost:57591}, networkConnectionEnabled: false, pageLoadStrategy: normal, platformName: WINDOWS, proxy: Proxy(), se:cdp: ws://localhost:57591/devtoo..., se:cdpVersion: 108.0.5359.125, setWindowRect: true, strictFileInteractability: false, timeouts: {implicit: 0, pageLoad: 300000, script: 30000}, unhandledPromptBehavior: dismiss and notify, webauthn:extension:credBlob: true, webauthn:extension:largeBlob: true, webauthn:virtualAuthenticators: true}
Element: [[ChromeDriver: chrome on WINDOWS (da5a9f9df596d115d8b2ea794481bb12)] -> xpath: //div[@id='nivo-slider']/a[1]]
Session ID: da5a9f9df596d115d8b2ea794481bb12
]]></failure>
    <system-out><![CDATA[: C:\Users\Select\AppData\Loc...}, goog:chromeOptions: {debuggerAddress: localhost:57449}, networkConnectionEnabled: false, pageLoadStrategy: normal, platformName: WINDOWS, proxy: Proxy(), se:cdp: ws://localhost:57449/devtoo..., se:cdpVersion: 108.0.5359.125, setWindowRect: true, strictFileInteractability: false, timeouts: {implicit: 0, pageLoad: 300000, script: 30000}, unhandledPromptBehavior: dismiss and notify, webauthn:extension:credBlob: true, webauthn:extension:largeBlob: true, webauthn:virtualAuthenticators: true}
Session ID: fc5d6835c4d026c44d3f9af304419849
	at sun.reflect.NativeConstructorAccessorImpl.newInstance0(Native Method)
	at sun.reflect.NativeConstructorAccessorImpl.newInstance(NativeConstructorAccessorImpl.java:62)
	at sun.reflect.DelegatingConstructorAccessorImpl.newInstance(DelegatingConstructorAccessorImpl.java:45)
	at java.lang.reflect.Constructor.newInstance(Constructor.java:423)
	at org.openqa.selenium.remote.codec.w3c.W3CHttpResponseCodec.createException(W3CHttpResponseCodec.java:200)
	at org.openqa.selenium.remote.codec.w3c.W3CHttpResponseCodec.decode(W3CHttpResponseCodec.java:133)
	at org.openqa.selenium.remote.codec.w3c.W3CHttpResponseCodec.decode(W3CHttpResponseCodec.java:53)
	at org.openqa.selenium.remote.HttpCommandExecutor.execute(HttpCommandExecutor.java:184)
	at org.openqa.selenium.remote.service.DriverCommandExecutor.invokeExecute(DriverCommandExecutor.java:167)
	at org.openqa.selenium.remote.service.DriverCommandExecutor.execute(DriverCommandExecutor.java:142)
	at org.openqa.selenium.remote.RemoteWebDriver.execute(RemoteWebDriver.java:551)
	at org.openqa.selenium.remote.ElementLocation$ElementFinder$2.findElement(ElementLocation.java:162)
	at org.openqa.selenium.remote.ElementLocation.findElement(ElementLocation.java:60)
	at org.openqa.selenium.remote.RemoteWebDriver.findElement(RemoteWebDriver.java:367)
	at org.openqa.selenium.remote.RemoteWebDriver.findElement(RemoteWebDriver.java:359)
	at org.example.pages.RegisterPage.checkSuccess(RegisterPage.java:100)
	at org.example.stepDefinitions.RegistrationStepDefinition.success_Message_Is_Displayed(RegistrationStepDefinition.java:70)
	at âœ½.success message is displayed(file:///E:/Udacity/Syllabus/Software%20testing%20(professional)/(7)%20Web%20Front-End%20%20UI%20Testing/practice/E-CommerceFinalProject/src/main/resources/Features/Registration.feature:14)
&amp#27;[0m

@smoke
Scenario Outline: 1 user could search using product name &amp#27;[90m# src/main/resources/Features/Search.feature:11&amp#27;[0m
  &amp#27;[32mWhen &amp#27;[0m&amp#27;[32muser clicks on search field&amp#27;[0m                       &amp#27;[90m# org.example.stepDefinitions.SearchStepDefinition.user_clicks_on_search_field()&amp#27;[0m
  &amp#27;[32mAnd &amp#27;[0m&amp#27;[32muser search with product&amp#27;[0m&amp#27;[32m&amp#27;[1m"book"&amp#27;[0m                     &amp#27;[90m# org.example.stepDefinitions.SearchStepDefinition.user_Search_With_Product(java.lang.String)&amp#27;[0m
  &amp#27;[32mThen &amp#27;[0m&amp#27;[32muser could find &amp#27;[0m&amp#27;[32m&amp#27;[1m"book"&amp#27;[0m&amp#27;[32m relative results&amp#27;[0m           &amp#27;[90m# org.example.stepDefinitions.SearchStepDefinition.user_Could_Find_Relative_Results(java.lang.String)&amp#27;[0m

@smoke
Scenario Outline: 1 user could search using product name &amp#27;[90m# src/main/resources/Features/Search.feature:12&amp#27;[0m
  &amp#27;[32mWhen &amp#27;[0m&amp#27;[32muser clicks on search field&amp#27;[0m                       &amp#27;[90m# org.example.stepDefinitions.SearchStepDefinition.user_clicks_on_search_field()&amp#27;[0m
  &amp#27;[32mAnd &amp#27;[0m&amp#27;[32muser search with product&amp#27;[0m&amp#27;[32m&amp#27;[1m"laptop"&amp#27;[0m                   &amp#27;[90m# org.example.stepDefinitions.SearchStepDefinition.user_Search_With_Product(java.lang.String)&amp#27;[0m
  &amp#27;[32mThen &amp#27;[0m&amp#27;[32muser could find &amp#27;[0m&amp#27;[32m&amp#27;[1m"laptop"&amp#27;[0m&amp#27;[32m relative results&amp#27;[0m         &amp#27;[90m# org.example.stepDefinitions.SearchStepDefinition.user_Could_Find_Relative_Results(java.lang.String)&amp#27;[0m

@smoke
Scenario Outline: 1 user could search using product name &amp#27;[90m# src/main/resources/Features/Search.feature:13&amp#27;[0m
  &amp#27;[32mWhen &amp#27;[0m&amp#27;[32muser clicks on search field&amp#27;[0m                       &amp#27;[90m# org.example.stepDefinitions.SearchStepDefinition.user_clicks_on_search_field()&amp#27;[0m
  &amp#27;[32mAnd &amp#27;[0m&amp#27;[32muser search with product&amp#27;[0m&amp#27;[32m&amp#27;[1m"nike"&amp#27;[0m                     &amp#27;[90m# org.example.stepDefinitions.SearchStepDefinition.user_Search_With_Product(java.lang.String)&amp#27;[0m
  &amp#27;[32mThen &amp#27;[0m&amp#27;[32muser could find &amp#27;[0m&amp#27;[32m&amp#27;[1m"nike"&amp#27;[0m&amp#27;[32m relative results&amp#27;[0m           &amp#27;[90m# org.example.stepDefinitions.SearchStepDefinition.user_Could_Find_Relative_Results(java.lang.String)&amp#27;[0m

@smoke
Scenario Outline: 2 user could search for product using sku    &amp#27;[90m# src/main/resources/Features/Search.feature:21&amp#27;[0m
  &amp#27;[32mWhen &amp#27;[0m&amp#27;[32muser clicks on search field&amp#27;[0m                             &amp#27;[90m# org.example.stepDefinitions.SearchStepDefinition.user_clicks_on_search_field()&amp#27;[0m
  &amp#27;[32mAnd &amp#27;[0m&amp#27;[32muser search with sku&amp#27;[0m&amp#27;[32m&amp#27;[1m"SCI_FAITH"&amp#27;[0m                          &amp#27;[90m# org.example.stepDefinitions.SearchStepDefinition.user_Search_With_Sku(java.lang.String)&amp#27;[0m
  &amp#27;[32mThen &amp#27;[0m&amp#27;[32muser could find &amp#27;[0m&amp#27;[32m&amp#27;[1m"SCI_FAITH"&amp#27;[0m&amp#27;[32m inside product details page&amp#27;[0m &amp#27;[90m# org.example.stepDefinitions.SearchStepDefinition.user_Could_Find_Inside_Product_Details_Page(java.lang.String)&amp#27;[0m

@smoke
Scenario Outline: 2 user could search for product using sku    &amp#27;[90m# src/main/resources/Features/Search.feature:22&amp#27;[0m
  &amp#27;[32mWhen &amp#27;[0m&amp#27;[32muser clicks on search field&amp#27;[0m                             &amp#27;[90m# org.example.stepDefinitions.SearchStepDefinition.user_clicks_on_search_field()&amp#27;[0m
  &amp#27;[32mAnd &amp#27;[0m&amp#27;[32muser search with sku&amp#27;[0m&amp#27;[32m&amp#27;[1m"APPLE_CAM"&amp#27;[0m                          &amp#27;[90m# org.example.stepDefinitions.SearchStepDefinition.user_Search_With_Sku(java.lang.String)&amp#27;[0m
  &amp#27;[32mThen &amp#27;[0m&amp#27;[32muser could find &amp#27;[0m&amp#27;[32m&amp#27;[1m"APPLE_CAM"&amp#27;[0m&amp#27;[32m inside product details page&amp#27;[0m &amp#27;[90m# org.example.stepDefinitions.SearchStepDefinition.user_Could_Find_Inside_Product_Details_Page(java.lang.String)&amp#27;[0m

@smoke
Scenario Outline: 2 user could search for product using sku    &amp#27;[90m# src/main/resources/Features/Search.feature:23&amp#27;[0m
  &amp#27;[32mWhen &amp#27;[0m&amp#27;[32muser clicks on search field&amp#27;[0m                             &amp#27;[90m# org.example.stepDefinitions.SearchStepDefinition.user_clicks_on_search_field()&amp#27;[0m
  &amp#27;[32mAnd &amp#27;[0m&amp#27;[32muser search with sku&amp#27;[0m&amp#27;[32m&amp#27;[1m"SF_PRO_11"&amp#27;[0m                          &amp#27;[90m# org.example.stepDefinitions.SearchStepDefinition.user_Search_With_Sku(java.lang.String)&amp#27;[0m
  &amp#27;[32mThen &amp#27;[0m&amp#27;[32muser could find &amp#27;[0m&amp#27;[32m&amp#27;[1m"SF_PRO_11"&amp#27;[0m&amp#27;[32m inside product details page&amp#27;[0m &amp#27;[90m# org.example.stepDefinitions.SearchStepDefinition.user_Could_Find_Inside_Product_Details_Page(java.lang.String)&amp#27;[0m

@smoke
Scenario: first slider is clickable on homepage   &amp#27;[90m# src/main/resources/Features/Sliders.feature:5&amp#27;[0m
  &amp#27;[32mGiven &amp#27;[0m&amp#27;[32muser clicks on first slider&amp#27;[0m               &amp#27;[90m# org.example.stepDefinitions.SlidersStepDefinition.user_Clicks_On_First_Slider()&amp#27;[0m
  &amp#27;[31mThen &amp#27;[0m&amp#27;[31ma new page appears relative to nokia lumia&amp#27;[0m &amp#27;[90m# org.example.stepDefinitions.SlidersStepDefinition.a_New_Page_Appears_Relative_To_Nokia_Lumia()&amp#27;[0m
      &amp#27;[31mjava.lang.AssertionError: Error Message : wrong 1st slider url expected [true] but found [false]
	at org.testng.Assert.fail(Assert.java:110)
	at org.testng.Assert.failNotEquals(Assert.java:1413)
	at org.testng.Assert.assertTrue(Assert.java:56)
	at org.example.stepDefinitions.SlidersStepDefinition.a_New_Page_Appears_Relative_To_Nokia_Lumia(SlidersStepDefinition.java:25)
	at âœ½.a new page appears relative to nokia lumia(file:///E:/Udacity/Syllabus/Software%20testing%20(professional)/(7)%20Web%20Front-End%20%20UI%20Testing/practice/E-CommerceFinalProject/src/main/resources/Features/Sliders.feature:7)
&amp#27;[0m

@smoke
Scenario: second slider is clickable on homepage &amp#27;[90m# src/main/resources/Features/Sliders.feature:10&amp#27;[0m
  &amp#27;[31mGiven &amp#27;[0m&amp#27;[31muser clicks on second slider&amp#27;[0m             &amp#27;[90m# org.example.stepDefinitions.SlidersStepDefinition.userClicksOnSecondSlider()&amp#27;[0m
      &amp#27;[31morg.openqa.selenium.ElementClickInterceptedException: element click intercepted: Element <a href="http://demo.nopcommerce.com/" aria-label="" class="nivo-imageLink" style="display: block;">...</a> is not clickable at point (]]></system-out>
    <system-err><![CDATA[Starting ChromeDriver 108.0.5359.71 (1e0e3868ee06e91ad636a874420e3ca3ae3756ac-refs/branch-heads/5359@{#1016}) on port 10094
Only local connections are allowed.
Please see https://chromedriver.chromium.org/security-considerations for suggestions on keeping ChromeDriver safe.
ChromeDriver was started successfully.
]]></system-err>
  </testcase>
  <testcase name="runScenario" classname="org.example.testRunner.ScenariosRunner" time="8.362"/>
  <testcase name="runScenario" classname="org.example.testRunner.ScenariosRunner" time="9.136"/>
</testsuite>